CRITICAL - 2022-01-17 18:00:45 --> Undefined variable $datos
#0 C:\xampp\htdocs\CursoCI4\app\Views\hola_view.php(2): CodeIgniter\Debug\Exceptions->errorHandler(2, 'Undefined varia...', 'C:\\xampp\\htdocs...', 2)
#1 C:\xampp\htdocs\CursoCI4\system\View\View.php(210): include('C:\\xampp\\htdocs...')
#2 C:\xampp\htdocs\CursoCI4\system\View\View.php(213): CodeIgniter\View\View->CodeIgniter\View\{closure}()
#3 C:\xampp\htdocs\CursoCI4\system\Common.php(1089): CodeIgniter\View\View->render('hola_view', Array, true)
#4 C:\xampp\htdocs\CursoCI4\app\Controllers\HolaMundo.php(10): view('hola_view', Array)
#5 C:\xampp\htdocs\CursoCI4\system\CodeIgniter.php(825): App\Controllers\HolaMundo->index()
#6 C:\xampp\htdocs\CursoCI4\system\CodeIgniter.php(412): CodeIgniter\CodeIgniter->runController(Object(App\Controllers\HolaMundo))
#7 C:\xampp\htdocs\CursoCI4\system\CodeIgniter.php(320): CodeIgniter\CodeIgniter->handleRequest(NULL, Object(Config\Cache), false)
#8 C:\xampp\htdocs\CursoCI4\index.php(37): CodeIgniter\CodeIgniter->run()
#9 {main}
CRITICAL - 2022-01-17 18:00:56 --> Undefined variable $datos
#0 C:\xampp\htdocs\CursoCI4\app\Views\hola_view.php(2): CodeIgniter\Debug\Exceptions->errorHandler(2, 'Undefined varia...', 'C:\\xampp\\htdocs...', 2)
#1 C:\xampp\htdocs\CursoCI4\system\View\View.php(210): include('C:\\xampp\\htdocs...')
#2 C:\xampp\htdocs\CursoCI4\system\View\View.php(213): CodeIgniter\View\View->CodeIgniter\View\{closure}()
#3 C:\xampp\htdocs\CursoCI4\system\Common.php(1089): CodeIgniter\View\View->render('hola_view', Array, true)
#4 C:\xampp\htdocs\CursoCI4\app\Controllers\HolaMundo.php(10): view('hola_view', Array)
#5 C:\xampp\htdocs\CursoCI4\system\CodeIgniter.php(825): App\Controllers\HolaMundo->index()
#6 C:\xampp\htdocs\CursoCI4\system\CodeIgniter.php(412): CodeIgniter\CodeIgniter->runController(Object(App\Controllers\HolaMundo))
#7 C:\xampp\htdocs\CursoCI4\system\CodeIgniter.php(320): CodeIgniter\CodeIgniter->handleRequest(NULL, Object(Config\Cache), false)
#8 C:\xampp\htdocs\CursoCI4\index.php(37): CodeIgniter\CodeIgniter->run()
#9 {main}
CRITICAL - 2022-01-17 18:02:41 --> Undefined variable $datos
#0 C:\xampp\htdocs\CursoCI4\app\Views\hola_view.php(2): CodeIgniter\Debug\Exceptions->errorHandler(2, 'Undefined varia...', 'C:\\xampp\\htdocs...', 2)
#1 C:\xampp\htdocs\CursoCI4\system\View\View.php(210): include('C:\\xampp\\htdocs...')
#2 C:\xampp\htdocs\CursoCI4\system\View\View.php(213): CodeIgniter\View\View->CodeIgniter\View\{closure}()
#3 C:\xampp\htdocs\CursoCI4\system\Common.php(1089): CodeIgniter\View\View->render('hola_view', Array, true)
#4 C:\xampp\htdocs\CursoCI4\app\Controllers\HolaMundo.php(10): view('hola_view', Array)
#5 C:\xampp\htdocs\CursoCI4\system\CodeIgniter.php(825): App\Controllers\HolaMundo->index()
#6 C:\xampp\htdocs\CursoCI4\system\CodeIgniter.php(412): CodeIgniter\CodeIgniter->runController(Object(App\Controllers\HolaMundo))
#7 C:\xampp\htdocs\CursoCI4\system\CodeIgniter.php(320): CodeIgniter\CodeIgniter->handleRequest(NULL, Object(Config\Cache), false)
#8 C:\xampp\htdocs\CursoCI4\index.php(37): CodeIgniter\CodeIgniter->run()
#9 {main}
CRITICAL - 2022-01-17 18:09:46 --> Assignments can only happen to writable values
#0 [internal function]: CodeIgniter\Debug\Exceptions->shutdownHandler()
#1 {main}
