CRITICAL - 2022-02-09 17:24:53 --> syntax error, unexpected token "else"
#0 C:\xampp\htdocs\CursoCI4\system\Autoloader\Autoloader.php(241): CodeIgniter\Autoloader\Autoloader->includeFile('C:\\xampp\\htdocs...')
#1 C:\xampp\htdocs\CursoCI4\system\Autoloader\Autoloader.php(219): CodeIgniter\Autoloader\Autoloader->loadInNamespace('App\\Controllers...')
#2 [internal function]: CodeIgniter\Autoloader\Autoloader->loadClass('App\\Controllers...')
#3 C:\xampp\htdocs\CursoCI4\system\CodeIgniter.php(790): class_exists('\\App\\Controller...', true)
#4 C:\xampp\htdocs\CursoCI4\system\CodeIgniter.php(399): CodeIgniter\CodeIgniter->startController()
#5 C:\xampp\htdocs\CursoCI4\system\CodeIgniter.php(320): CodeIgniter\CodeIgniter->handleRequest(NULL, Object(Config\Cache), false)
#6 C:\xampp\htdocs\CursoCI4\index.php(37): CodeIgniter\CodeIgniter->run()
#7 {main}
CRITICAL - 2022-02-09 17:25:23 --> Undefined variable $db
#0 C:\xampp\htdocs\CursoCI4\app\Controllers\CrudForm.php(18): CodeIgniter\Debug\Exceptions->errorHandler(2, 'Undefined varia...', 'C:\\xampp\\htdocs...', 18)
#1 C:\xampp\htdocs\CursoCI4\system\CodeIgniter.php(825): App\Controllers\CrudForm->index()
#2 C:\xampp\htdocs\CursoCI4\system\CodeIgniter.php(412): CodeIgniter\CodeIgniter->runController(Object(App\Controllers\CrudForm))
#3 C:\xampp\htdocs\CursoCI4\system\CodeIgniter.php(320): CodeIgniter\CodeIgniter->handleRequest(NULL, Object(Config\Cache), false)
#4 C:\xampp\htdocs\CursoCI4\index.php(37): CodeIgniter\CodeIgniter->run()
#5 {main}
CRITICAL - 2022-02-09 17:26:05 --> view(): Argument #2 ($data) must be of type array, CodeIgniter\Database\MySQLi\Result given, called in C:\xampp\htdocs\CursoCI4\app\Controllers\CrudForm.php on line 20
#0 C:\xampp\htdocs\CursoCI4\app\Controllers\CrudForm.php(20): view('ejemplo/indexcr...', Object(CodeIgniter\Database\MySQLi\Result))
#1 C:\xampp\htdocs\CursoCI4\system\CodeIgniter.php(825): App\Controllers\CrudForm->index()
#2 C:\xampp\htdocs\CursoCI4\system\CodeIgniter.php(412): CodeIgniter\CodeIgniter->runController(Object(App\Controllers\CrudForm))
#3 C:\xampp\htdocs\CursoCI4\system\CodeIgniter.php(320): CodeIgniter\CodeIgniter->handleRequest(NULL, Object(Config\Cache), false)
#4 C:\xampp\htdocs\CursoCI4\index.php(37): CodeIgniter\CodeIgniter->run()
#5 {main}
CRITICAL - 2022-02-09 17:26:33 --> view(): Argument #2 ($data) must be of type array, CodeIgniter\Database\MySQLi\Result given, called in C:\xampp\htdocs\CursoCI4\app\Controllers\CrudForm.php on line 20
#0 C:\xampp\htdocs\CursoCI4\app\Controllers\CrudForm.php(20): view('ejemplo/indexcr...', Object(CodeIgniter\Database\MySQLi\Result))
#1 C:\xampp\htdocs\CursoCI4\system\CodeIgniter.php(825): App\Controllers\CrudForm->index()
#2 C:\xampp\htdocs\CursoCI4\system\CodeIgniter.php(412): CodeIgniter\CodeIgniter->runController(Object(App\Controllers\CrudForm))
#3 C:\xampp\htdocs\CursoCI4\system\CodeIgniter.php(320): CodeIgniter\CodeIgniter->handleRequest(NULL, Object(Config\Cache), false)
#4 C:\xampp\htdocs\CursoCI4\index.php(37): CodeIgniter\CodeIgniter->run()
#5 {main}
CRITICAL - 2022-02-09 17:27:02 --> view(): Argument #2 ($data) must be of type array, CodeIgniter\Database\MySQLi\Result given, called in C:\xampp\htdocs\CursoCI4\app\Controllers\CrudForm.php on line 20
#0 C:\xampp\htdocs\CursoCI4\app\Controllers\CrudForm.php(20): view('ejemplo/indexcr...', Object(CodeIgniter\Database\MySQLi\Result))
#1 C:\xampp\htdocs\CursoCI4\system\CodeIgniter.php(825): App\Controllers\CrudForm->index()
#2 C:\xampp\htdocs\CursoCI4\system\CodeIgniter.php(412): CodeIgniter\CodeIgniter->runController(Object(App\Controllers\CrudForm))
#3 C:\xampp\htdocs\CursoCI4\system\CodeIgniter.php(320): CodeIgniter\CodeIgniter->handleRequest(NULL, Object(Config\Cache), false)
#4 C:\xampp\htdocs\CursoCI4\index.php(37): CodeIgniter\CodeIgniter->run()
#5 {main}
CRITICAL - 2022-02-09 17:28:53 --> Undefined variable $datos
#0 C:\xampp\htdocs\CursoCI4\app\Views\ejemplo\indexcrud.php(26): CodeIgniter\Debug\Exceptions->errorHandler(2, 'Undefined varia...', 'C:\\xampp\\htdocs...', 26)
#1 C:\xampp\htdocs\CursoCI4\system\View\View.php(210): include('C:\\xampp\\htdocs...')
#2 C:\xampp\htdocs\CursoCI4\system\View\View.php(213): CodeIgniter\View\View->CodeIgniter\View\{closure}()
#3 C:\xampp\htdocs\CursoCI4\system\Common.php(1089): CodeIgniter\View\View->render('ejemplo/indexcr...', Array, true)
#4 C:\xampp\htdocs\CursoCI4\app\Controllers\CrudForm.php(21): view('ejemplo/indexcr...', Array)
#5 C:\xampp\htdocs\CursoCI4\system\CodeIgniter.php(825): App\Controllers\CrudForm->index()
#6 C:\xampp\htdocs\CursoCI4\system\CodeIgniter.php(412): CodeIgniter\CodeIgniter->runController(Object(App\Controllers\CrudForm))
#7 C:\xampp\htdocs\CursoCI4\system\CodeIgniter.php(320): CodeIgniter\CodeIgniter->handleRequest(NULL, Object(Config\Cache), false)
#8 C:\xampp\htdocs\CursoCI4\index.php(37): CodeIgniter\CodeIgniter->run()
#9 {main}
CRITICAL - 2022-02-09 17:29:36 --> Undefined variable $datos
#0 C:\xampp\htdocs\CursoCI4\app\Views\ejemplo\indexcrud.php(26): CodeIgniter\Debug\Exceptions->errorHandler(2, 'Undefined varia...', 'C:\\xampp\\htdocs...', 26)
#1 C:\xampp\htdocs\CursoCI4\system\View\View.php(210): include('C:\\xampp\\htdocs...')
#2 C:\xampp\htdocs\CursoCI4\system\View\View.php(213): CodeIgniter\View\View->CodeIgniter\View\{closure}()
#3 C:\xampp\htdocs\CursoCI4\system\Common.php(1089): CodeIgniter\View\View->render('ejemplo/indexcr...', Array, true)
#4 C:\xampp\htdocs\CursoCI4\app\Controllers\CrudForm.php(21): view('ejemplo/indexcr...', Array)
#5 C:\xampp\htdocs\CursoCI4\system\CodeIgniter.php(825): App\Controllers\CrudForm->index()
#6 C:\xampp\htdocs\CursoCI4\system\CodeIgniter.php(412): CodeIgniter\CodeIgniter->runController(Object(App\Controllers\CrudForm))
#7 C:\xampp\htdocs\CursoCI4\system\CodeIgniter.php(320): CodeIgniter\CodeIgniter->handleRequest(NULL, Object(Config\Cache), false)
#8 C:\xampp\htdocs\CursoCI4\index.php(37): CodeIgniter\CodeIgniter->run()
#9 {main}
CRITICAL - 2022-02-09 17:30:20 --> Undefined variable $datos
#0 C:\xampp\htdocs\CursoCI4\app\Views\ejemplo\indexcrud.php(26): CodeIgniter\Debug\Exceptions->errorHandler(2, 'Undefined varia...', 'C:\\xampp\\htdocs...', 26)
#1 C:\xampp\htdocs\CursoCI4\system\View\View.php(210): include('C:\\xampp\\htdocs...')
#2 C:\xampp\htdocs\CursoCI4\system\View\View.php(213): CodeIgniter\View\View->CodeIgniter\View\{closure}()
#3 C:\xampp\htdocs\CursoCI4\system\Common.php(1089): CodeIgniter\View\View->render('ejemplo/indexcr...', Array, true)
#4 C:\xampp\htdocs\CursoCI4\app\Controllers\CrudForm.php(21): view('ejemplo/indexcr...', Array)
#5 C:\xampp\htdocs\CursoCI4\system\CodeIgniter.php(825): App\Controllers\CrudForm->index()
#6 C:\xampp\htdocs\CursoCI4\system\CodeIgniter.php(412): CodeIgniter\CodeIgniter->runController(Object(App\Controllers\CrudForm))
#7 C:\xampp\htdocs\CursoCI4\system\CodeIgniter.php(320): CodeIgniter\CodeIgniter->handleRequest(NULL, Object(Config\Cache), false)
#8 C:\xampp\htdocs\CursoCI4\index.php(37): CodeIgniter\CodeIgniter->run()
#9 {main}
CRITICAL - 2022-02-09 17:30:21 --> Undefined variable $datos
#0 C:\xampp\htdocs\CursoCI4\app\Views\ejemplo\indexcrud.php(26): CodeIgniter\Debug\Exceptions->errorHandler(2, 'Undefined varia...', 'C:\\xampp\\htdocs...', 26)
#1 C:\xampp\htdocs\CursoCI4\system\View\View.php(210): include('C:\\xampp\\htdocs...')
#2 C:\xampp\htdocs\CursoCI4\system\View\View.php(213): CodeIgniter\View\View->CodeIgniter\View\{closure}()
#3 C:\xampp\htdocs\CursoCI4\system\Common.php(1089): CodeIgniter\View\View->render('ejemplo/indexcr...', Array, true)
#4 C:\xampp\htdocs\CursoCI4\app\Controllers\CrudForm.php(21): view('ejemplo/indexcr...', Array)
#5 C:\xampp\htdocs\CursoCI4\system\CodeIgniter.php(825): App\Controllers\CrudForm->index()
#6 C:\xampp\htdocs\CursoCI4\system\CodeIgniter.php(412): CodeIgniter\CodeIgniter->runController(Object(App\Controllers\CrudForm))
#7 C:\xampp\htdocs\CursoCI4\system\CodeIgniter.php(320): CodeIgniter\CodeIgniter->handleRequest(NULL, Object(Config\Cache), false)
#8 C:\xampp\htdocs\CursoCI4\index.php(37): CodeIgniter\CodeIgniter->run()
#9 {main}
CRITICAL - 2022-02-09 17:30:22 --> Undefined variable $datos
#0 C:\xampp\htdocs\CursoCI4\app\Views\ejemplo\indexcrud.php(26): CodeIgniter\Debug\Exceptions->errorHandler(2, 'Undefined varia...', 'C:\\xampp\\htdocs...', 26)
#1 C:\xampp\htdocs\CursoCI4\system\View\View.php(210): include('C:\\xampp\\htdocs...')
#2 C:\xampp\htdocs\CursoCI4\system\View\View.php(213): CodeIgniter\View\View->CodeIgniter\View\{closure}()
#3 C:\xampp\htdocs\CursoCI4\system\Common.php(1089): CodeIgniter\View\View->render('ejemplo/indexcr...', Array, true)
#4 C:\xampp\htdocs\CursoCI4\app\Controllers\CrudForm.php(21): view('ejemplo/indexcr...', Array)
#5 C:\xampp\htdocs\CursoCI4\system\CodeIgniter.php(825): App\Controllers\CrudForm->index()
#6 C:\xampp\htdocs\CursoCI4\system\CodeIgniter.php(412): CodeIgniter\CodeIgniter->runController(Object(App\Controllers\CrudForm))
#7 C:\xampp\htdocs\CursoCI4\system\CodeIgniter.php(320): CodeIgniter\CodeIgniter->handleRequest(NULL, Object(Config\Cache), false)
#8 C:\xampp\htdocs\CursoCI4\index.php(37): CodeIgniter\CodeIgniter->run()
#9 {main}
CRITICAL - 2022-02-09 17:30:23 --> Undefined variable $datos
#0 C:\xampp\htdocs\CursoCI4\app\Views\ejemplo\indexcrud.php(26): CodeIgniter\Debug\Exceptions->errorHandler(2, 'Undefined varia...', 'C:\\xampp\\htdocs...', 26)
#1 C:\xampp\htdocs\CursoCI4\system\View\View.php(210): include('C:\\xampp\\htdocs...')
#2 C:\xampp\htdocs\CursoCI4\system\View\View.php(213): CodeIgniter\View\View->CodeIgniter\View\{closure}()
#3 C:\xampp\htdocs\CursoCI4\system\Common.php(1089): CodeIgniter\View\View->render('ejemplo/indexcr...', Array, true)
#4 C:\xampp\htdocs\CursoCI4\app\Controllers\CrudForm.php(21): view('ejemplo/indexcr...', Array)
#5 C:\xampp\htdocs\CursoCI4\system\CodeIgniter.php(825): App\Controllers\CrudForm->index()
#6 C:\xampp\htdocs\CursoCI4\system\CodeIgniter.php(412): CodeIgniter\CodeIgniter->runController(Object(App\Controllers\CrudForm))
#7 C:\xampp\htdocs\CursoCI4\system\CodeIgniter.php(320): CodeIgniter\CodeIgniter->handleRequest(NULL, Object(Config\Cache), false)
#8 C:\xampp\htdocs\CursoCI4\index.php(37): CodeIgniter\CodeIgniter->run()
#9 {main}
CRITICAL - 2022-02-09 17:30:25 --> Undefined variable $datos
#0 C:\xampp\htdocs\CursoCI4\app\Views\ejemplo\indexcrud.php(26): CodeIgniter\Debug\Exceptions->errorHandler(2, 'Undefined varia...', 'C:\\xampp\\htdocs...', 26)
#1 C:\xampp\htdocs\CursoCI4\system\View\View.php(210): include('C:\\xampp\\htdocs...')
#2 C:\xampp\htdocs\CursoCI4\system\View\View.php(213): CodeIgniter\View\View->CodeIgniter\View\{closure}()
#3 C:\xampp\htdocs\CursoCI4\system\Common.php(1089): CodeIgniter\View\View->render('ejemplo/indexcr...', Array, true)
#4 C:\xampp\htdocs\CursoCI4\app\Controllers\CrudForm.php(21): view('ejemplo/indexcr...', Array)
#5 C:\xampp\htdocs\CursoCI4\system\CodeIgniter.php(825): App\Controllers\CrudForm->index()
#6 C:\xampp\htdocs\CursoCI4\system\CodeIgniter.php(412): CodeIgniter\CodeIgniter->runController(Object(App\Controllers\CrudForm))
#7 C:\xampp\htdocs\CursoCI4\system\CodeIgniter.php(320): CodeIgniter\CodeIgniter->handleRequest(NULL, Object(Config\Cache), false)
#8 C:\xampp\htdocs\CursoCI4\index.php(37): CodeIgniter\CodeIgniter->run()
#9 {main}
CRITICAL - 2022-02-09 17:38:43 --> Undefined variable $datos
#0 C:\xampp\htdocs\CursoCI4\app\Views\ejemplo\indexcrud.php(26): CodeIgniter\Debug\Exceptions->errorHandler(2, 'Undefined varia...', 'C:\\xampp\\htdocs...', 26)
#1 C:\xampp\htdocs\CursoCI4\system\View\View.php(210): include('C:\\xampp\\htdocs...')
#2 C:\xampp\htdocs\CursoCI4\system\View\View.php(213): CodeIgniter\View\View->CodeIgniter\View\{closure}()
#3 C:\xampp\htdocs\CursoCI4\system\Common.php(1089): CodeIgniter\View\View->render('ejemplo/indexcr...', Array, true)
#4 C:\xampp\htdocs\CursoCI4\app\Controllers\CrudForm.php(20): view('ejemplo/indexcr...', Array)
#5 C:\xampp\htdocs\CursoCI4\system\CodeIgniter.php(825): App\Controllers\CrudForm->index()
#6 C:\xampp\htdocs\CursoCI4\system\CodeIgniter.php(412): CodeIgniter\CodeIgniter->runController(Object(App\Controllers\CrudForm))
#7 C:\xampp\htdocs\CursoCI4\system\CodeIgniter.php(320): CodeIgniter\CodeIgniter->handleRequest(NULL, Object(Config\Cache), false)
#8 C:\xampp\htdocs\CursoCI4\index.php(37): CodeIgniter\CodeIgniter->run()
#9 {main}
CRITICAL - 2022-02-09 17:40:22 --> Undefined variable $user
#0 C:\xampp\htdocs\CursoCI4\app\Views\ejemplo\indexcrud.php(26): CodeIgniter\Debug\Exceptions->errorHandler(2, 'Undefined varia...', 'C:\\xampp\\htdocs...', 26)
#1 C:\xampp\htdocs\CursoCI4\system\View\View.php(210): include('C:\\xampp\\htdocs...')
#2 C:\xampp\htdocs\CursoCI4\system\View\View.php(213): CodeIgniter\View\View->CodeIgniter\View\{closure}()
#3 C:\xampp\htdocs\CursoCI4\system\Common.php(1089): CodeIgniter\View\View->render('ejemplo/indexcr...', Array, true)
#4 C:\xampp\htdocs\CursoCI4\app\Controllers\CrudForm.php(20): view('ejemplo/indexcr...', Array)
#5 C:\xampp\htdocs\CursoCI4\system\CodeIgniter.php(825): App\Controllers\CrudForm->index()
#6 C:\xampp\htdocs\CursoCI4\system\CodeIgniter.php(412): CodeIgniter\CodeIgniter->runController(Object(App\Controllers\CrudForm))
#7 C:\xampp\htdocs\CursoCI4\system\CodeIgniter.php(320): CodeIgniter\CodeIgniter->handleRequest(NULL, Object(Config\Cache), false)
#8 C:\xampp\htdocs\CursoCI4\index.php(37): CodeIgniter\CodeIgniter->run()
#9 {main}
CRITICAL - 2022-02-09 17:40:23 --> Undefined variable $user
#0 C:\xampp\htdocs\CursoCI4\app\Views\ejemplo\indexcrud.php(26): CodeIgniter\Debug\Exceptions->errorHandler(2, 'Undefined varia...', 'C:\\xampp\\htdocs...', 26)
#1 C:\xampp\htdocs\CursoCI4\system\View\View.php(210): include('C:\\xampp\\htdocs...')
#2 C:\xampp\htdocs\CursoCI4\system\View\View.php(213): CodeIgniter\View\View->CodeIgniter\View\{closure}()
#3 C:\xampp\htdocs\CursoCI4\system\Common.php(1089): CodeIgniter\View\View->render('ejemplo/indexcr...', Array, true)
#4 C:\xampp\htdocs\CursoCI4\app\Controllers\CrudForm.php(20): view('ejemplo/indexcr...', Array)
#5 C:\xampp\htdocs\CursoCI4\system\CodeIgniter.php(825): App\Controllers\CrudForm->index()
#6 C:\xampp\htdocs\CursoCI4\system\CodeIgniter.php(412): CodeIgniter\CodeIgniter->runController(Object(App\Controllers\CrudForm))
#7 C:\xampp\htdocs\CursoCI4\system\CodeIgniter.php(320): CodeIgniter\CodeIgniter->handleRequest(NULL, Object(Config\Cache), false)
#8 C:\xampp\htdocs\CursoCI4\index.php(37): CodeIgniter\CodeIgniter->run()
#9 {main}
CRITICAL - 2022-02-09 17:41:47 --> Undefined variable $user
#0 C:\xampp\htdocs\CursoCI4\app\Views\ejemplo\indexcrud.php(26): CodeIgniter\Debug\Exceptions->errorHandler(2, 'Undefined varia...', 'C:\\xampp\\htdocs...', 26)
#1 C:\xampp\htdocs\CursoCI4\system\View\View.php(210): include('C:\\xampp\\htdocs...')
#2 C:\xampp\htdocs\CursoCI4\system\View\View.php(213): CodeIgniter\View\View->CodeIgniter\View\{closure}()
#3 C:\xampp\htdocs\CursoCI4\system\Common.php(1089): CodeIgniter\View\View->render('ejemplo/indexcr...', Array, true)
#4 C:\xampp\htdocs\CursoCI4\app\Controllers\CrudForm.php(20): view('ejemplo/indexcr...', Array)
#5 C:\xampp\htdocs\CursoCI4\system\CodeIgniter.php(825): App\Controllers\CrudForm->index()
#6 C:\xampp\htdocs\CursoCI4\system\CodeIgniter.php(412): CodeIgniter\CodeIgniter->runController(Object(App\Controllers\CrudForm))
#7 C:\xampp\htdocs\CursoCI4\system\CodeIgniter.php(320): CodeIgniter\CodeIgniter->handleRequest(NULL, Object(Config\Cache), false)
#8 C:\xampp\htdocs\CursoCI4\index.php(37): CodeIgniter\CodeIgniter->run()
#9 {main}
CRITICAL - 2022-02-09 17:42:37 --> Undefined variable $db
#0 C:\xampp\htdocs\CursoCI4\app\Controllers\CrudForm.php(18): CodeIgniter\Debug\Exceptions->errorHandler(2, 'Undefined varia...', 'C:\\xampp\\htdocs...', 18)
#1 C:\xampp\htdocs\CursoCI4\system\CodeIgniter.php(825): App\Controllers\CrudForm->index()
#2 C:\xampp\htdocs\CursoCI4\system\CodeIgniter.php(412): CodeIgniter\CodeIgniter->runController(Object(App\Controllers\CrudForm))
#3 C:\xampp\htdocs\CursoCI4\system\CodeIgniter.php(320): CodeIgniter\CodeIgniter->handleRequest(NULL, Object(Config\Cache), false)
#4 C:\xampp\htdocs\CursoCI4\index.php(37): CodeIgniter\CodeIgniter->run()
#5 {main}
CRITICAL - 2022-02-09 17:42:56 --> view(): Argument #2 ($data) must be of type array, CodeIgniter\Database\MySQLi\Result given, called in C:\xampp\htdocs\CursoCI4\app\Controllers\CrudForm.php on line 20
#0 C:\xampp\htdocs\CursoCI4\app\Controllers\CrudForm.php(20): view('ejemplo/indexcr...', Object(CodeIgniter\Database\MySQLi\Result))
#1 C:\xampp\htdocs\CursoCI4\system\CodeIgniter.php(825): App\Controllers\CrudForm->index()
#2 C:\xampp\htdocs\CursoCI4\system\CodeIgniter.php(412): CodeIgniter\CodeIgniter->runController(Object(App\Controllers\CrudForm))
#3 C:\xampp\htdocs\CursoCI4\system\CodeIgniter.php(320): CodeIgniter\CodeIgniter->handleRequest(NULL, Object(Config\Cache), false)
#4 C:\xampp\htdocs\CursoCI4\index.php(37): CodeIgniter\CodeIgniter->run()
#5 {main}
CRITICAL - 2022-02-09 17:43:36 --> Undefined variable $query
#0 C:\xampp\htdocs\CursoCI4\app\Controllers\CrudForm.php(18): CodeIgniter\Debug\Exceptions->errorHandler(2, 'Undefined varia...', 'C:\\xampp\\htdocs...', 18)
#1 C:\xampp\htdocs\CursoCI4\system\CodeIgniter.php(825): App\Controllers\CrudForm->index()
#2 C:\xampp\htdocs\CursoCI4\system\CodeIgniter.php(412): CodeIgniter\CodeIgniter->runController(Object(App\Controllers\CrudForm))
#3 C:\xampp\htdocs\CursoCI4\system\CodeIgniter.php(320): CodeIgniter\CodeIgniter->handleRequest(NULL, Object(Config\Cache), false)
#4 C:\xampp\htdocs\CursoCI4\index.php(37): CodeIgniter\CodeIgniter->run()
#5 {main}
CRITICAL - 2022-02-09 17:44:10 --> Undefined variable $user
#0 C:\xampp\htdocs\CursoCI4\app\Views\ejemplo\indexcrud.php(24): CodeIgniter\Debug\Exceptions->errorHandler(2, 'Undefined varia...', 'C:\\xampp\\htdocs...', 24)
#1 C:\xampp\htdocs\CursoCI4\system\View\View.php(210): include('C:\\xampp\\htdocs...')
#2 C:\xampp\htdocs\CursoCI4\system\View\View.php(213): CodeIgniter\View\View->CodeIgniter\View\{closure}()
#3 C:\xampp\htdocs\CursoCI4\system\Common.php(1089): CodeIgniter\View\View->render('ejemplo/indexcr...', Array, true)
#4 C:\xampp\htdocs\CursoCI4\app\Controllers\CrudForm.php(19): view('ejemplo/indexcr...', Array)
#5 C:\xampp\htdocs\CursoCI4\system\CodeIgniter.php(825): App\Controllers\CrudForm->index()
#6 C:\xampp\htdocs\CursoCI4\system\CodeIgniter.php(412): CodeIgniter\CodeIgniter->runController(Object(App\Controllers\CrudForm))
#7 C:\xampp\htdocs\CursoCI4\system\CodeIgniter.php(320): CodeIgniter\CodeIgniter->handleRequest(NULL, Object(Config\Cache), false)
#8 C:\xampp\htdocs\CursoCI4\index.php(37): CodeIgniter\CodeIgniter->run()
#9 {main}
