CRITICAL - 2022-02-16 17:31:32 --> Invalid file: App\Views\Pager\default_full.php
#0 C:\xampp\htdocs\CursoCI4\system\View\View.php(198): CodeIgniter\Exceptions\FrameworkException::forInvalidFile('App\\Views\\Pager...')
#1 C:\xampp\htdocs\CursoCI4\system\Pager\Pager.php(125): CodeIgniter\View\View->render('App\\Views\\Pager...')
#2 C:\xampp\htdocs\CursoCI4\system\Pager\Pager.php(83): CodeIgniter\Pager\Pager->displayLinks('default', 'default_full')
#3 C:\xampp\htdocs\CursoCI4\app\Views\ejemplo\indexcrud.php(39): CodeIgniter\Pager\Pager->links()
#4 C:\xampp\htdocs\CursoCI4\system\View\View.php(210): include('C:\\xampp\\htdocs...')
#5 C:\xampp\htdocs\CursoCI4\system\View\View.php(213): CodeIgniter\View\View->CodeIgniter\View\{closure}()
#6 C:\xampp\htdocs\CursoCI4\system\Common.php(1089): CodeIgniter\View\View->render('ejemplo/indexcr...', Array, true)
#7 C:\xampp\htdocs\CursoCI4\app\Controllers\CrudForm.php(22): view('ejemplo/indexcr...', Array)
#8 C:\xampp\htdocs\CursoCI4\system\CodeIgniter.php(825): App\Controllers\CrudForm->index()
#9 C:\xampp\htdocs\CursoCI4\system\CodeIgniter.php(412): CodeIgniter\CodeIgniter->runController(Object(App\Controllers\CrudForm))
#10 C:\xampp\htdocs\CursoCI4\system\CodeIgniter.php(320): CodeIgniter\CodeIgniter->handleRequest(NULL, Object(Config\Cache), false)
#11 C:\xampp\htdocs\CursoCI4\index.php(37): CodeIgniter\CodeIgniter->run()
#12 {main}
CRITICAL - 2022-02-16 17:33:44 --> Invalid file: App\Views\Pager\default_full.php
#0 C:\xampp\htdocs\CursoCI4\system\View\View.php(198): CodeIgniter\Exceptions\FrameworkException::forInvalidFile('App\\Views\\Pager...')
#1 C:\xampp\htdocs\CursoCI4\system\Pager\Pager.php(125): CodeIgniter\View\View->render('App\\Views\\Pager...')
#2 C:\xampp\htdocs\CursoCI4\system\Pager\Pager.php(83): CodeIgniter\Pager\Pager->displayLinks('default', 'default_full')
#3 C:\xampp\htdocs\CursoCI4\app\Views\ejemplo\indexcrud.php(39): CodeIgniter\Pager\Pager->links()
#4 C:\xampp\htdocs\CursoCI4\system\View\View.php(210): include('C:\\xampp\\htdocs...')
#5 C:\xampp\htdocs\CursoCI4\system\View\View.php(213): CodeIgniter\View\View->CodeIgniter\View\{closure}()
#6 C:\xampp\htdocs\CursoCI4\system\Common.php(1089): CodeIgniter\View\View->render('ejemplo/indexcr...', Array, true)
#7 C:\xampp\htdocs\CursoCI4\app\Controllers\CrudForm.php(22): view('ejemplo/indexcr...', Array)
#8 C:\xampp\htdocs\CursoCI4\system\CodeIgniter.php(825): App\Controllers\CrudForm->index()
#9 C:\xampp\htdocs\CursoCI4\system\CodeIgniter.php(412): CodeIgniter\CodeIgniter->runController(Object(App\Controllers\CrudForm))
#10 C:\xampp\htdocs\CursoCI4\system\CodeIgniter.php(320): CodeIgniter\CodeIgniter->handleRequest(NULL, Object(Config\Cache), false)
#11 C:\xampp\htdocs\CursoCI4\index.php(37): CodeIgniter\CodeIgniter->run()
#12 {main}
CRITICAL - 2022-02-16 18:01:47 --> The framework needs the following extension(s) installed and loaded: GD.
#0 C:\xampp\htdocs\CursoCI4\system\Images\Handlers\GDHandler.php(34): CodeIgniter\Exceptions\FrameworkException::forMissingExtension('GD')
#1 C:\xampp\htdocs\CursoCI4\system\Config\Services.php(312): CodeIgniter\Images\Handlers\GDHandler->__construct(Object(Config\Images))
#2 C:\xampp\htdocs\CursoCI4\system\Config\BaseService.php(248): CodeIgniter\Config\Services::image('gd', Object(Config\Images), false)
#3 C:\xampp\htdocs\CursoCI4\system\Config\BaseService.php(189): CodeIgniter\Config\BaseService::__callStatic('image', Array)
#4 C:\xampp\htdocs\CursoCI4\system\Config\Services.php(305): CodeIgniter\Config\BaseService::getSharedInstance('image', NULL, NULL)
#5 C:\xampp\htdocs\CursoCI4\system\Config\BaseService.php(248): CodeIgniter\Config\Services::image()
#6 C:\xampp\htdocs\CursoCI4\app\Controllers\CrudForm.php(119): CodeIgniter\Config\BaseService::__callStatic('image', Array)
#7 C:\xampp\htdocs\CursoCI4\system\CodeIgniter.php(825): App\Controllers\CrudForm->ManipularImagen()
#8 C:\xampp\htdocs\CursoCI4\system\CodeIgniter.php(412): CodeIgniter\CodeIgniter->runController(Object(App\Controllers\CrudForm))
#9 C:\xampp\htdocs\CursoCI4\system\CodeIgniter.php(320): CodeIgniter\CodeIgniter->handleRequest(NULL, Object(Config\Cache), false)
#10 C:\xampp\htdocs\CursoCI4\index.php(37): CodeIgniter\CodeIgniter->run()
#11 {main}
